<?xml version="1.0" encoding="UTF-8"?>
<!-- Generated by org.testng.reporters.JUnitReportReporter -->
<testsuite hostname="DESKTOP-RF9V2JU" failures="0" tests="3" name="practice.Sample1" time="0.072" errors="0" timestamp="2022-10-04T11:40:33 IST" skipped="0">
  <testcase classname="practice.Sample1" name="createCustomer" time="0.055"/>
  <system-out/>
  <testcase classname="practice.Sample1" name="modifyCustomer" time="0.004"/>
  <system-out/>
  <testcase classname="practice.Sample1" name="deleteCustomer" time="0.013"/>
  <system-out/>
</testsuite> <!-- practice.Sample1 -->
